<?xml version="1.0" encoding="UTF-8"?>
<bundle>
	<packets>
		<packet class="packet.api.RegistserRestRequestBody"
			parent="com.fastjrun.sdkg.packet.BaseRequestBody">
			<field name="loginId" dataType="String" length="12"
				canBeNull="false" remark="登录名" />
			<field name="loginpwd" dataType="String" length="64"
				canBeNull="false" remark="密码" />
			<field name="sex" dataType="String" length="1" canBeNull="true"
				remark="性别" />
			<field name="nickName" dataType="String" length="30"
				canBeNull="true" remark="昵称" />
			<field name="mobileNo" dataType="String" length="20"
				canBeNull="true" remark="手机号" />
			<field name="email" dataType="String" length="30"
				canBeNull="true" remark="手机号" />
		</packet>
		<packet class="packet.api.LoginRestRequestBody"
			parent="com.fastjrun.sdkg.packet.BaseRequestBody">
			<field name="loginName" dataType="String" length="12"
				canBeNull="false" remark="登录名" />
			<field name="loginpwd" dataType="String" length="64"
				canBeNull="false" remark="密码" />
		</packet>
		<packet class="packet.api.LoginRestResponseBody"
			parent="com.fastjrun.sdkg.packet.BaseResponseBody">
			<field name="uuid" dataType="String" length="64"
				canBeNull="false" remark="登录凭证" />
			<field name="sex" dataType="String" length="1" canBeNull="true"
				remark="性别" />
			<field name="nickName" dataType="String" length="30"
				canBeNull="true" remark="昵称" />
			<field name="mobileNo" dataType="String" length="20"
				canBeNull="true" remark="手机号" />
			<field name="email" dataType="String" length="30"
				canBeNull="true" remark="邮箱" />
		</packet>
		<packet class="packet.api.AutoLoginRestRequestBody"
			parent="com.fastjrun.sdkg.packet.BaseRequestBody">
			<field name="uuidOld" dataType="String" length="64"
				canBeNull="false" remark="旧登录凭证" />
		</packet>
		<packet class="packet.api.ArticleListResponseBody"
			parent="com.fastjrun.sdkg.packet.BaseResponseBody">
			<list name="list" class="packet.api.Article">
				<field name="id" dataType="Long" length="64" canBeNull="false"
					remark="文章Id" />
				<field name="title" dataType="String" length="64"
					canBeNull="false" remark="文章编号" />
				<field name="detailUrl" dataType="String" length="128"
					canBeNull="false" remark="文章详情地址" />
			</list>
		</packet>
		<packet class="packet.app.RegistserRestRequestBody"
			parent="com.fastjrun.sdkg.packet.BaseRequestBody">
			<field name="loginId" dataType="String" length="12"
				canBeNull="false" remark="登录名" />
			<field name="loginpwd" dataType="String" length="64"
				canBeNull="false" remark="密码" />
			<field name="sex" dataType="String" length="1" canBeNull="true"
				remark="性别" />
			<field name="nickName" dataType="String" length="30"
				canBeNull="true" remark="昵称" />
			<field name="mobileNo" dataType="String" length="20"
				canBeNull="true" remark="手机号" />
			<field name="email" dataType="String" length="30"
				canBeNull="true" remark="手机号" />
		</packet>
		<packet class="packet.app.LoginRestRequestBody"
			parent="com.fastjrun.sdkg.packet.BaseRequestBody">
			<field name="loginName" dataType="String" length="12"
				canBeNull="false" remark="登录名" />
			<field name="loginpwd" dataType="String" length="64"
				canBeNull="false" remark="密码" />
		</packet>
		<packet class="packet.app.LoginRestResponseBody"
			parent="com.fastjrun.sdkg.packet.BaseResponseBody">
			<field name="uuid" dataType="String" length="64"
				canBeNull="false" remark="登录凭证" />
			<field name="sex" dataType="String" length="1" canBeNull="true"
				remark="性别" />
			<field name="nickName" dataType="String" length="30"
				canBeNull="true" remark="昵称" />
			<field name="mobileNo" dataType="String" length="20"
				canBeNull="true" remark="手机号" />
			<field name="email" dataType="String" length="30"
				canBeNull="true" remark="邮箱" />
		</packet>
		<packet class="packet.app.AutoLoginRestRequestBody"
			parent="com.fastjrun.sdkg.packet.BaseRequestBody">
			<field name="uuidOld" dataType="String" length="64"
				canBeNull="false" remark="旧登录凭证" />
		</packet>
		<packet class="packet.app.VersionListResponseBody"
			parent="com.fastjrun.sdkg.packet.BaseResponseBody">
			<list name="list" class="packet.app.Version">
				<field name="id" dataType="Long" length="64" canBeNull="false"
					remark="版本Id" />
				<field name="versionNo" dataType="String" length="64"
					canBeNull="false" remark="版本号" />
				<field name="versionInfo" dataType="String" length="400"
					canBeNull="false" remark="版本信息" />
			</list>
		</packet>
		<packet class="packet.generic.RegistserRestRequestBody"
			parent="com.fastjrun.sdkg.packet.BaseRequestBody">
			<field name="loginId" dataType="String" length="12"
				canBeNull="false" remark="登录名" />
			<field name="loginpwd" dataType="String" length="64"
				canBeNull="false" remark="密码" />
			<field name="sex" dataType="String" length="1" canBeNull="true"
				remark="性别" />
			<field name="nickName" dataType="String" length="30"
				canBeNull="true" remark="昵称" />
			<field name="mobileNo" dataType="String" length="20"
				canBeNull="true" remark="手机号" />
			<field name="email" dataType="String" length="30"
				canBeNull="true" remark="手机号" />
		</packet>
		<packet class="packet.generic.LoginRestRequestBody"
			parent="com.fastjrun.sdkg.packet.BaseRequestBody">
			<field name="loginName" dataType="String" length="12"
				canBeNull="false" remark="登录名" />
			<field name="loginpwd" dataType="String" length="64"
				canBeNull="false" remark="密码" />
		</packet>
		<packet class="packet.generic.LoginRestResponseBody"
			parent="com.fastjrun.sdkg.packet.BaseResponseBody">
			<field name="uuid" dataType="String" length="64"
				canBeNull="false" remark="登录凭证" />
			<field name="sex" dataType="String" length="1" canBeNull="true"
				remark="性别" />
			<field name="nickName" dataType="String" length="30"
				canBeNull="true" remark="昵称" />
			<field name="mobileNo" dataType="String" length="20"
				canBeNull="true" remark="手机号" />
			<field name="email" dataType="String" length="30"
				canBeNull="true" remark="邮箱" />
		</packet>
		<packet class="packet.generic.AutoLoginRestRequestBody"
			parent="com.fastjrun.sdkg.packet.BaseRequestBody">
			<field name="uuidOld" dataType="String" length="64"
				canBeNull="false" remark="旧登录凭证" />
		</packet>
		<packet class="packet.generic.VersionListResponseBody"
			parent="com.fastjrun.sdkg.packet.BaseResponseBody">
			<list name="list" class="packet.generic.Version">
				<field name="id" dataType="Long" length="64" canBeNull="false"
					remark="版本Id" />
				<field name="versionNo" dataType="String" length="64"
					canBeNull="false" remark="版本号" />
				<field name="versionInfo" dataType="String" length="400"
					canBeNull="false" remark="版本信息" />
			</list>
		</packet>
	</packets>
	<apiControllers>
		<apiController name="UserApiController"
			path="/api/user/" clientName="UserApiClient"
			clientParent="com.fastjrun.sdkg.client.BaseApiClient" remark="用户管理接口"
			tags="第三方接口">
			<service name="userService" class="UserServiceRestApi">
				<method name="register" version="" path="register"
					remark="注册">
					<request>
						<object name="body"
							class="packet.api.RegistserRestRequestBody" />
					</request>
				</method>
				<method name="login" version="" path="login" remark="登录">
					<request>
						<object name="body" class="packet.api.LoginRestRequestBody" />
					</request>
					<response>
						<object name="body"
							class="packet.api.LoginRestResponseBody" />
					</response>
				</method>
				<method name="login" version="v1_1" path="login"
					remark="登录v1.1">
					<request>
						<object name="body" class="packet.api.LoginRestRequestBody" />
					</request>
					<response>
						<object name="body"
							class="packet.api.LoginRestResponseBody" />
					</response>
				</method>
				<method name="autoLogin" version="" path="autoLogin"
					remark="自动登录">
					<request>
						<object name="body"
							class="packet.api.AutoLoginRestRequestBody" />
					</request>
					<response>
						<object name="body"
							class="packet.api.LoginRestResponseBody" />
					</response>
				</method>
			</service>
		</apiController>
		<apiController name="ArticleApiController"
			path="/api/article/" clientName="ArticleApiClient"
			clientParent="com.fastjrun.sdkg.client.BaseApiClient" remark="版本接口"
			tags="第三方接口">
			<service name="articleService" class="ArticleServiceRestApi">
				<method name="check" version="" path="check" method="Get"
					remark="是否有新文章检测" />
				<method name="latests" version="" path="latests"
					remark="最近版本列表">
					<response>
						<object name="body"
							class="packet.api.ArticleListResponseBody" />
					</response>
				</method>
			</service>
		</apiController>
	</apiControllers>
	<appControllers>
		<appController name="UserAppController"
			path="/app/user/" clientName="UserAppClient"
			clientParent="com.fastjrun.sdkg.client.BaseAppClient" remark="用户管理接口"
			tags="App接口">
			<service name="userService" class="UserServiceRestApp">
				<method name="register" version="v2" path="register"
					remark="注册">
					<request>
						<object name="body"
							class="packet.app.RegistserRestRequestBody" />
					</request>
				</method>
				<method name="login" version="" path="login" remark="登录">
					<request>
						<object name="body" class="packet.app.LoginRestRequestBody" />
					</request>
					<response>
						<object name="body"
							class="packet.app.LoginRestResponseBody" />
					</response>
				</method>
				<method name="login" version="v1_1" path="login"
					remark="登录v1.1">
					<request>
						<object name="body" class="packet.app.LoginRestRequestBody" />
					</request>
					<response>
						<object name="body"
							class="packet.app.LoginRestResponseBody" />
					</response>
				</method>
				<method name="autoLogin" version="" path="autoLogin"
					remark="自动登录">
					<request>
						<object name="body"
							class="packet.app.AutoLoginRestRequestBody" />
					</request>
					<response>
						<object name="body"
							class="packet.app.LoginRestResponseBody" />
					</response>
				</method>
			</service>
		</appController>
		<appController name="AppVersionAppController"
			path="/app/version/" clientName="AppVersionAppClient"
			clientParent="com.fastjrun.sdkg.client.BaseAppClient" remark="版本接口"
			tags="App接口">
			<service name="versionService" class="VersionServiceRestApp">
				<method name="check" version="" path="check" remark="版本检测"
					method="Get" />
				<method name="latests" version="" path="latests"
					remark="最近版本列表" method="Get">
					<response>
						<object name="body"
							class="packet.app.VersionListResponseBody" />
					</response>
				</method>
			</service>
		</appController>
	</appControllers>
	<genericControllers>
		<genericController name="UserGenericController"
			path="/generic/user/" clientName="UserGenericClient"
			clientParent="com.fastjrun.sdkg.client.BaseGenericClient"
			remark="用户管理接口" tags="基本接口">
			<service name="userService" class="UserServiceRestGeneric">
				<method name="register" version="" path="register"
					remark="注册">
					<request class="packet.generic.RegistserRestRequestBody" />
				</method>
				<method name="login" version="" path="login" remark="登录">
					<request class="packet.generic.LoginRestRequestBody" />
					<response class="packet.generic.LoginRestResponseBody" />
				</method>
				<method name="login" version="v1_1" path="login"
					remark="登录v1.1">
					<request class="packet.generic.LoginRestRequestBody" />
					<response class="packet.generic.LoginRestResponseBody" />
				</method>
				<method name="autoLogin" version="" path="autoLogin"
					remark="自动登录">
					<request class="packet.generic.AutoLoginRestRequestBody" />
					<response class="packet.generic.LoginRestResponseBody" />
				</method>
			</service>
		</genericController>
		<genericController
			name="AppVersionGenericController" version=""
			path="/generic/version/" clientName="AppVersionGenericClient"
			clientParent="com.fastjrun.sdkg.client.BaseGenericClient"
			remark="版本接口" tags="基本接口">
			<service name="versionService"
				class="VersionServiceRestGeneric">
				<method name="latests" version="" path="latests"
					remark="最近版本列表">
					<response class="packet.generic.VersionListResponseBody" />
				</method>
				<method name="latests" version="v2" path="latests"
					remark="最近版本列表">
					<parameters>
						<parameter name="pageNum" dataType="Integer" length="11"
							canBeNull="true" remark="每页返回多少条记录" />
						<parameter name="pageIndex" dataType="Integer"
							length="11" canBeNull="true" remark="页索引" />
					</parameters>
					<pathvariables>
						<pathvariable name="appKey" dataType="String"
							length="32" remark="分配客户端key" />
						<pathVariable name="accessTime" dataType="Long"
							length="11" remark="访问时间戳" />
					</pathvariables>
					<response class="packet.generic.VersionListResponseBody" />
				</method>
			</service>
		</genericController>
	</genericControllers>
</bundle>