<?xml version="1.0" encoding="UTF-8"?>
<bundle>
	<packets>
		<packet class="packet.api.QueryAddressByPostcodeResponseBody"
			parent="com.fastjrun.sdkg.packet.BaseResponseBody">
			<field name="error_code" dataType="Integer" length="10"
				canBeNull="false" remark="返回码" />
			<field name="reason" dataType="String" length="100"
				canBeNull="false" remark="返回说明" />
			<object name="result"
				class="packet.api.QueryAddressByPostcodeResponseBodyResult">
				<list name="list"
					class="packet.api.QueryAddressByPostcodeResponseBodyResultList">
					<field name="PostNumber" dataType="String" length="6"
						canBeNull="false" remark="邮编" />
					<field name="Province" dataType="String" length="64"
						canBeNull="false" remark="省份" />
					<field name="City" dataType="String" length="64"
						canBeNull="false" remark="城市" />
					<field name="District" dataType="String" length="64"
						canBeNull="false" remark="地区" />
					<field name="Address" dataType="String" length="64"
						canBeNull="false" remark="地址" />
				</list>
			</object>
		</packet>
		<packet class="packet.api.QueryPcdResponseBody"
			parent="com.fastjrun.sdkg.packet.BaseResponseBody">
			<field name="error_code" dataType="Integer" length="10"
				canBeNull="false" remark="返回码" />
			<field name="reason" dataType="String" length="100"
				canBeNull="false" remark="返回说明" />
			<list name="result"
				class="packet.api.QueryPcdResponseBodyResult">
				<field name="id" dataType="String" length="10"
					canBeNull="false" remark="省份ID" />
				<field name="province" dataType="String" length="64"
					canBeNull="false" remark="省份" />
				<list name="city"
					class="packet.api.QueryPcdResponseBodyResultCity">
					<field name="id" dataType="String" length="10"
						canBeNull="false" remark="城市ID" />
					<field name="city" dataType="String" length="64"
						canBeNull="false" remark="城市" />
					<list name="district"
						class="packet.api.QueryPcdResponseBodyResultCityDistrict">
						<field name="id" dataType="String" length="10"
							canBeNull="false" remark="区域ID" />
						<field name="district" dataType="String" length="64"
							canBeNull="false" remark="区域" />
					</list>
				</list>
			</list>
		</packet>
		<packet class="packet.api.QueryPostcodeByAddressResponseBody"
			parent="com.fastjrun.sdkg.packet.BaseResponseBody">
			<field name="error_code" dataType="Integer" length="10"
				canBeNull="false" remark="返回码" />
			<field name="reason" dataType="String" length="100"
				canBeNull="false" remark="返回说明" />
			<object name="result"
				class="packet.api.QueryPostcodeByAddressResponseBodyResult">
				<list name="list"
					class="packet.api.QueryPostcodeByAddressResponseBodyResultList">
					<field name="PostNumber" dataType="String" length="6"
						canBeNull="false" remark="邮编" />
					<field name="Province" dataType="String" length="64"
						canBeNull="false" remark="省份" />
					<field name="City" dataType="String" length="64"
						canBeNull="false" remark="城市" />
					<field name="District" dataType="String" length="64"
						canBeNull="false" remark="地区" />
					<field name="Address" dataType="String" length="64"
						canBeNull="false" remark="地址" />
				</list>
			</object>
		</packet>
	</packets>
	<genericControllers>
		<genericController name="PostcodeController"
			path="/postcode/" clientName="PostcodeClient"
			clientParent="com.fastjrun.sdkg.client.BaseGenericClient"
			remark="邮编查询" tags="邮编查询">
			<service name="postcodeService" class="PostcodeRest">
				<method name="query" version="" path="query"
					remark="根据相关条件查询符合条件地区的邮编" method="GET">
					<parameters>
						<parameter name="postcode" dataType="String" length="11"
							canBeNull="false" remark="邮编，如：215001" />
						<parameter name="key" dataType="String" length="64"
							canBeNull="true" remark="应用APPKEY(应用详细页查询)" />
						<parameter name="page" dataType="Integer" length="11"
							canBeNull="false" remark="第几页,默认为第1页" />
						<parameter name="pagesize" dataType="Integer"
							length="11" canBeNull="false" remark="每页显示条数,(1-50)默认20条，" />
						<parameter name="dtype" dataType="String" length="10"
							canBeNull="true" remark="返回数据的格式,xml或json，默认json" />
					</parameters>
					<response
						class="packet.api.QueryAddressByPostcodeResponseBody" />
				</method>
				<method name="pcd" version="" path="pcd"
					remark="返回省份、城市、地区（县）关联的列表">
					<parameters>
						<parameter name="key" dataType="String" length="64"
							canBeNull="true" remark="应用APPKEY(应用详细页查询)" />
						<parameter name="dtype" dataType="String" length="10"
							canBeNull="true" remark="返回数据的格式,xml或json，默认json" />
					</parameters>
					<response
						class="packet.api.QueryPcdResponseBody" />
				</method>
				<method name="search" version="" path="search.php"
					remark="根据相关条件查询符合条件地区的邮编">
					<parameters>
						<parameter name="pid" dataType="Integer" length="11"
							canBeNull="false" remark="省份ID" />
						<parameter name="cid" dataType="Integer" length="11"
							canBeNull="false" remark="城市ID" />
						<parameter name="did" dataType="Integer" length="11"
							canBeNull="false" remark="区域ID" />
						<parameter name="q" dataType="String" length="11"
							canBeNull="false" remark="地名关键字，如:木渎" />
						<parameter name="page" dataType="Integer" length="11"
							canBeNull="false" remark="第几页,默认为第1页" />
						<parameter name="pagesize" dataType="Integer"
							length="11" canBeNull="false" remark="每页显示条数,(1-50)默认20条，" />
						<parameter name="key" dataType="String" length="64"
							canBeNull="true" remark="应用APPKEY(应用详细页查询)" />
						<parameter name="dtype" dataType="String" length="10"
							canBeNull="true" remark="返回数据的格式,xml或json，默认json" />
					</parameters>
					<response
						class="packet.api.QueryPostcodeByAddressResponseBody" />
				</method>
			</service>
		</genericController>
	</genericControllers>
</bundle>